<?xml version="1.0" encoding="UTF-8"?>
<!-- Generated by org.testng.reporters.JUnitXMLReporter -->
<testsuite ignored="0" hostname="DESKTOP-HVLADVB" failures="0" tests="6" name="Surefire test" time="0.046" errors="0" timestamp="2021-10-17T07:01:57 IST">
  <testcase classname="Automation.kpcc.AppiumTest" name="IOSApps" time="0.005"/>
  <testcase classname="Automation.kpcc.AppiumTest" name="NativeAPpAndroid" time="0.0"/>
  <testcase classname="Automation.kpcc.RESTAPITest" name="deleteTwitter" time="0.001"/>
  <testcase classname="Automation.kpcc.RESTAPITest" name="postJira" time="0.0"/>
  <testcase classname="Automation.kpcc.SeleniumTest" name="BrowserAUtomation" time="0.0"/>
  <testcase classname="Automation.kpcc.SeleniumTest" name="elementsUi" time="0.001"/>
</testsuite> <!-- Surefire test -->
