<?xml version="1.0" encoding="UTF-8"?>
<!-- Generated by org.testng.reporters.JUnitXMLReporter -->
<testsuite ignored="0" hostname="DESKTOP-HVLADVB" failures="0" tests="4" name="Test" time="0.046" errors="0" timestamp="2021-10-17T08:13:28 IST">
  <testcase classname="Automation.kpcc.RESTAPITest" name="deleteTwitter" time="0.004"/>
  <testcase classname="Automation.kpcc.RESTAPITest" name="postJira" time="0.0"/>
  <testcase classname="Automation.kpcc.SeleniumTest" name="BrowserAUtomation" time="0.0"/>
  <testcase classname="Automation.kpcc.SeleniumTest" name="elementsUi" time="0.0"/>
</testsuite> <!-- Test -->
