<?xml version="1.0" encoding="UTF-8"?>
<testng-results ignored="0" total="4" passed="4" failed="0" skipped="0">
  <reporter-output>
  </reporter-output>
  <suite started-at="2021-10-17T08:13:27 IST" name="Suite" finished-at="2021-10-17T08:13:27 IST" duration-ms="46">
    <groups>
    </groups>
    <test started-at="2021-10-17T08:13:27 IST" name="Test" finished-at="2021-10-17T08:13:27 IST" duration-ms="46">
      <class name="Automation.kpcc.SeleniumTest">
        <test-method signature="BrowserAUtomation()[pri:0, instance:Automation.kpcc.SeleniumTest@4da4253]" started-at="2021-10-17T08:13:27 IST" name="BrowserAUtomation" finished-at="2021-10-17T08:13:27 IST" duration-ms="0" status="PASS">
          <reporter-output>
          </reporter-output>
        </test-method> <!-- BrowserAUtomation -->
        <test-method signature="elementsUi()[pri:0, instance:Automation.kpcc.SeleniumTest@4da4253]" started-at="2021-10-17T08:13:27 IST" name="elementsUi" finished-at="2021-10-17T08:13:27 IST" duration-ms="0" status="PASS">
          <reporter-output>
          </reporter-output>
        </test-method> <!-- elementsUi -->
      </class> <!-- Automation.kpcc.SeleniumTest -->
      <class name="Automation.kpcc.RESTAPITest">
        <test-method signature="deleteTwitter()[pri:0, instance:Automation.kpcc.RESTAPITest@61d6015a]" started-at="2021-10-17T08:13:27 IST" name="deleteTwitter" finished-at="2021-10-17T08:13:27 IST" duration-ms="4" status="PASS">
          <reporter-output>
          </reporter-output>
        </test-method> <!-- deleteTwitter -->
        <test-method signature="postJira()[pri:0, instance:Automation.kpcc.RESTAPITest@61d6015a]" started-at="2021-10-17T08:13:27 IST" name="postJira" finished-at="2021-10-17T08:13:27 IST" duration-ms="0" status="PASS">
          <reporter-output>
          </reporter-output>
        </test-method> <!-- postJira -->
      </class> <!-- Automation.kpcc.RESTAPITest -->
    </test> <!-- Test -->
  </suite> <!-- Suite -->
</testng-results>
